<?xml version="1.0" encoding="UTF-8"?>
<!-- Generated by org.testng.reporters.JUnitReportReporter -->
<testsuite hostname="NOI-73JS6C2" name="com.esave.mail.StartJob" tests="1" failures="0" timestamp="21 Mar 2017 16:14:53 GMT" time="37.122" errors="0">
  <testcase name="f" time="37.122" classname="com.esave.mail.StartJob"/>
</testsuite> <!-- com.esave.mail.StartJob -->
