<?xml version="1.0" encoding="UTF-8"?>
<!-- Generated by org.testng.reporters.JUnitReportReporter -->
<testsuite hostname="NOI-73JS6C2" name="com.esave.common.selenium.SeleniumItradeIO" tests="1" failures="0" timestamp="22 Mar 2017 16:45:20 GMT" time="53.539" errors="0">
  <testcase name="startUp" time="53.539" classname="com.esave.common.selenium.SeleniumItradeIO"/>
</testsuite> <!-- com.esave.common.selenium.SeleniumItradeIO -->
