<?xml version="1.0" encoding="UTF-8"?>
<!-- Generated by org.testng.reporters.JUnitReportReporter -->
<testsuite hostname="LAPTOP-SF32JU0L" failures="0" tests="1" name="com.esave.mail.NewTest" time="113.870" errors="0" timestamp="2022-10-21T16:48:12 IST" skipped="0">
  <testcase classname="com.esave.mail.NewTest" name="f" time="113.870"/>
  <system-out/>
</testsuite> <!-- com.esave.mail.NewTest -->
